<?xml version="1.0" encoding="UTF-8"?>
<!-- Generated by org.testng.reporters.JUnitXMLReporter -->
<testsuite hostname="BSLITHNITD058" ignored="0" name="011" tests="1" failures="1" timestamp="16 Apr 2018 04:51:42 GMT" time="33.225" errors="0">
  <testcase name="@AfterClass tearDown" time="0.0" classname="com.ibm.ipa.Utilities.Driver_Setup">
    <failure type="java.lang.NullPointerException">
      <![CDATA[java.lang.NullPointerException
	at com.ibm.ipa.Utilities.Driver_Setup.tearDown(Driver_Setup.java:123)
	at com.ibm.ipa.Utilities.Create_TestNGXML.createXMLfile(Create_TestNGXML.java:147)
... Removed 47 stack frames]]>
    </failure>
  </testcase> <!-- @AfterClass tearDown -->
  <testcase name="TC_001" time="12.218" classname="com.ibm.ipa.Tests.TC001_InsuredSame">
    <failure type="java.lang.NullPointerException">
      <![CDATA[java.lang.NullPointerException
	at com.relevantcodes.extentreports.ExtentTest.isPathRelative(ExtentTest.java:502)
	at com.relevantcodes.extentreports.ExtentTest.addScreenCapture(ExtentTest.java:287)
	at com.ibm.ipa.Reporting.Extent_Reporting.Log_Pass_with_Screenshot(Extent_Reporting.java:27)
	at com.ibm.ipa.Tests.TC001_InsuredSame.TC_001(TC001_InsuredSame.java:33)
	at com.ibm.ipa.Utilities.Create_TestNGXML.createXMLfile(Create_TestNGXML.java:147)
... Removed 47 stack frames]]>
    </failure>
  </testcase> <!-- TC_001 -->
</testsuite> <!-- 011 -->
