<?xml version="1.0" encoding="UTF-8"?>
<testng-results ignored="0" total="1" passed="1" failed="0" skipped="0">
  <reporter-output>
  </reporter-output>
  <suite started-at="2021-04-07T20:33:15 IST" name="CLI Test Automation" finished-at="2021-04-07T20:34:26 IST" duration-ms="70083">
    <groups>
    </groups>
    <test started-at="2021-04-07T20:33:15 IST" name="CLI automation" finished-at="2021-04-07T20:34:26 IST" duration-ms="70083">
      <class name="cli.Utilities.Create_TestNGXML">
        <test-method signature="createXMLfile()[pri:0, instance:cli.Utilities.Create_TestNGXML@5a4041cc]" started-at="2021-04-07T20:33:15 IST" name="createXMLfile" finished-at="2021-04-07T20:34:26 IST" duration-ms="70037" status="PASS">
          <reporter-output>
          </reporter-output>
        </test-method> <!-- createXMLfile -->
      </class> <!-- cli.Utilities.Create_TestNGXML -->
    </test> <!-- CLI automation -->
  </suite> <!-- CLI Test Automation -->
</testng-results>
