<?xml version="1.0" encoding="UTF-8"?>
<!-- Generated by org.testng.reporters.JUnitXMLReporter -->
<testsuite ignored="0" hostname="EC2AMAZ-GP0VASM" failures="0" tests="1" name="Check if entries of multiple Content types across multiple environments on multiple locals are getting published" time="11.379" errors="0" timestamp="2021-03-31T19:09:32 GMT">
  <testcase classname="cli.Tests.CLI" name="TC_001" time="6.225"/>
</testsuite> <!-- Check if entries of multiple Content types across multiple environments on multiple locals are getting published -->
