<?xml version="1.0" encoding="UTF-8"?>
<!-- Generated by org.testng.reporters.JUnitXMLReporter -->
<testsuite ignored="0" hostname="DESKTOP-JU4G1BO" failures="0" tests="1" name="PROD_COD Pending Reports" time="1.207" errors="0" timestamp="05 Sep 2020 16:57:36 GMT">
  <testcase classname="com.Utilities.Driver_Setup" name="@AfterClass tearDown" time="0.0">
    <failure type="java.lang.NullPointerException">
      <![CDATA[java.lang.NullPointerException
	at com.Utilities.Driver_Setup.tearDown(Driver_Setup.java:119)
	at com.Utilities.Create_TestNGXML.createXMLfile(Create_TestNGXML.java:163)
... Removed 47 stack frames]]>
    </failure>
  </testcase> <!-- @AfterClass tearDown -->
  <testcase classname="com.Tests.URL_Check" name="TC_001" time="0.005"/>
</testsuite> <!-- PROD_COD Pending Reports -->
