<?xml version="1.0" encoding="UTF-8"?>
<!-- Generated by org.testng.reporters.JUnitXMLReporter -->
<testsuite ignored="0" hostname="LAPTOP-5I25GCH8" failures="1" tests="1" name="PROD_ORD_Cancellation" time="45.605" errors="0" timestamp="08 Jul 2019 11:17:03 GMT">
  <testcase classname="com.Tests.URL_Check" name="TC_001" time="39.192">
    <failure type="java.lang.AssertionError" message="expected [true] but found [false]">
      <![CDATA[java.lang.AssertionError: expected [true] but found [false]
	at com.Menu_Pages.Orders.Execute(Orders.java:354)
	at com.BusinessFlows.Admin_Roles.Execute(Admin_Roles.java:67)
	at com.Tests.URL_Check.TC_001(URL_Check.java:33)
	at com.Utilities.Create_TestNGXML.createXMLfile(Create_TestNGXML.java:147)
... Removed 51 stack frames]]>
    </failure>
  </testcase> <!-- TC_001 -->
</testsuite> <!-- PROD_ORD_Cancellation -->
